timestamp: 2020-05-21T17:00:30.531744
CREATE TABLE "py4web_session"(
    "id" INTEGER PRIMARY KEY AUTOINCREMENT,
    "rkey" CHAR(512),
    "rvalue" TEXT,
    "expiration" INTEGER,
    "created_on" TIMESTAMP,
    "expires_on" TIMESTAMP
);
success!
timestamp: 2020-05-21T17:00:30.534098
CREATE TABLE "auth_user"(
    "id" INTEGER PRIMARY KEY AUTOINCREMENT,
    "email" CHAR(512) UNIQUE,
    "password" CHAR(512),
    "first_name" CHAR(512),
    "last_name" CHAR(512),
    "sso_id" CHAR(512),
    "action_token" CHAR(512),
    "last_password_change" TIMESTAMP
);
success!
timestamp: 2020-05-21T17:00:30.535665
CREATE TABLE "auth_user_tag_groups"(
    "id" INTEGER PRIMARY KEY AUTOINCREMENT,
    "path" CHAR(512),
    "record_id" INTEGER REFERENCES "auth_user" ("id") ON DELETE CASCADE  
);
success!
timestamp: 2020-05-21T17:00:30.542923
CREATE TABLE "post"(
    "id" INTEGER PRIMARY KEY AUTOINCREMENT,
    "email" CHAR(512),
    "content" TEXT,
    "post_date" TIMESTAMP,
    "is_reply" INTEGER REFERENCES "post" ("id") ON DELETE CASCADE  
);
success!
timestamp: 2020-06-03T14:01:13.636118
ALTER TABLE "post" ADD "color" CHAR(512);
success!
timestamp: 2020-06-03T14:43:52.261611
ALTER TABLE "post" ADD "title" TEXT;
success!
timestamp: 2020-06-03T15:05:19.915454
ALTER TABLE "post" ADD "starred" CHAR(1);
success!
